stdClass Object
(
    [Modulo] => ------Consejo_Comunal------
    [Fecha] => Lunes , 03 de Octubre del 2022
    [Hora] => 06:38:06 PM
    [Archivo] => C:\xampp\htdocs\dashboard\www\CONCO_v4\app\Modelo.php
    [Linea] => 53
    [Mensaje] => SQLSTATE[HY093]: Invalid parameter number: parameter was not defined
)
stdClass Object
(
    [Modulo] => ------Consejo_Comunal------
    [Fecha] => Lunes , 03 de Octubre del 2022
    [Hora] => 06:38:13 PM
    [Archivo] => C:\xampp\htdocs\dashboard\www\CONCO_v4\app\Modelo.php
    [Linea] => 53
    [Mensaje] => SQLSTATE[HY093]: Invalid parameter number: parameter was not defined
)
stdClass Object
(
    [Modulo] => ------Consejo_Comunal------
    [Fecha] => Lunes , 03 de Octubre del 2022
    [Hora] => 06:38:15 PM
    [Archivo] => C:\xampp\htdocs\dashboard\www\CONCO_v4\app\Modelo.php
    [Linea] => 53
    [Mensaje] => SQLSTATE[HY093]: Invalid parameter number: parameter was not defined
)
stdClass Object
(
    [Modulo] => ------Consejo_Comunal------
    [Fecha] => Lunes , 03 de Octubre del 2022
    [Hora] => 06:38:40 PM
    [Archivo] => C:\xampp\htdocs\dashboard\www\CONCO_v4\app\Modelo.php
    [Linea] => 53
    [Mensaje] => SQLSTATE[HY000]: General error: 2031 
)
stdClass Object
(
    [Modulo] => ------Consejo_Comunal------
    [Fecha] => Lunes , 03 de Octubre del 2022
    [Hora] => 07:04:01 PM
    [Archivo] => C:\xampp\htdocs\dashboard\www\CONCO_v4\app\Modelo.php
    [Linea] => 53
    [Mensaje] => SQLSTATE[23000]: Integrity constraint violation: 1048 Column 'id_comite' cannot be null
)
stdClass Object
(
    [Modulo] => ------Consejo_Comunal------
    [Fecha] => Lunes , 03 de Octubre del 2022
    [Hora] => 07:04:18 PM
    [Archivo] => C:\xampp\htdocs\dashboard\www\CONCO_v4\app\Modelo.php
    [Linea] => 53
    [Mensaje] => SQLSTATE[23000]: Integrity constraint violation: 1048 Column 'id_comite' cannot be null
)
stdClass Object
(
    [Modulo] => ------Consejo_Comunal------
    [Fecha] => Lunes , 03 de Octubre del 2022
    [Hora] => 07:05:29 PM
    [Archivo] => C:\xampp\htdocs\dashboard\www\CONCO_v4\app\Modelo.php
    [Linea] => 53
    [Mensaje] => SQLSTATE[23000]: Integrity constraint violation: 1048 Column 'id_comite' cannot be null
)
stdClass Object
(
    [Modulo] => ------Consejo_Comunal------
    [Fecha] => Lunes , 03 de Octubre del 2022
    [Hora] => 07:16:11 PM
    [Archivo] => C:\xampp\htdocs\dashboard\www\CONCO_v4\app\Modelo.php
    [Linea] => 53
    [Mensaje] => SQLSTATE[23000]: Integrity constraint violation: 1048 Column 'id_comite' cannot be null
)
stdClass Object
(
    [Modulo] => ------Consejo_Comunal------
    [Fecha] => Lunes , 03 de Octubre del 2022
    [Hora] => 07:17:04 PM
    [Archivo] => C:\xampp\htdocs\dashboard\www\CONCO_v4\app\Modelo.php
    [Linea] => 53
    [Mensaje] => SQLSTATE[23000]: Integrity constraint violation: 1048 Column 'id_comite' cannot be null
)
stdClass Object
(
    [Modulo] => ------Consejo_Comunal------
    [Fecha] => Lunes , 03 de Octubre del 2022
    [Hora] => 07:20:54 PM
    [Archivo] => C:\xampp\htdocs\dashboard\www\CONCO_v4\app\Modelo.php
    [Linea] => 53
    [Mensaje] => SQLSTATE[HY093]: Invalid parameter number
)
stdClass Object
(
    [Modulo] => ------Consejo_Comunal------
    [Fecha] => Lunes , 03 de Octubre del 2022
    [Hora] => 07:21:19 PM
    [Archivo] => C:\xampp\htdocs\dashboard\www\CONCO_v4\app\Modelo.php
    [Linea] => 53
    [Mensaje] => SQLSTATE[HY093]: Invalid parameter number
)
stdClass Object
(
    [Modulo] => ------Familias------
    [Fecha] => Martes , 04 de Octubre del 2022
    [Hora] => 05:44:26 PM
    [Archivo] => C:\xampp\htdocs\dashboard\www\CONCO_v4\app\Modelo.php
    [Linea] => 53
    [Mensaje] => SQLSTATE[HY093]: Invalid parameter number
)
stdClass Object
(
    [Modulo] => ------Familias------
    [Fecha] => Martes , 04 de Octubre del 2022
    [Hora] => 06:02:03 PM
    [Archivo] => C:\xampp\htdocs\dashboard\www\CONCO_v4\app\Modelo.php
    [Linea] => 53
    [Mensaje] => SQLSTATE[HY093]: Invalid parameter number
)
stdClass Object
(
    [Modulo] => ------Familias------
    [Fecha] => Martes , 04 de Octubre del 2022
    [Hora] => 06:04:08 PM
    [Archivo] => C:\xampp\htdocs\dashboard\www\CONCO_v4\app\Modelo.php
    [Linea] => 53
    [Mensaje] => SQLSTATE[HY093]: Invalid parameter number
)
stdClass Object
(
    [Modulo] => ------Familias------
    [Fecha] => Martes , 04 de Octubre del 2022
    [Hora] => 06:04:31 PM
    [Archivo] => C:\xampp\htdocs\dashboard\www\CONCO_v4\app\Modelo.php
    [Linea] => 53
    [Mensaje] => SQLSTATE[HY093]: Invalid parameter number
)
stdClass Object
(
    [Modulo] => ------Familias------
    [Fecha] => Martes , 04 de Octubre del 2022
    [Hora] => 06:05:50 PM
    [Archivo] => C:\xampp\htdocs\dashboard\www\CONCO_v4\app\Modelo.php
    [Linea] => 53
    [Mensaje] => SQLSTATE[HY093]: Invalid parameter number
)
stdClass Object
(
    [Modulo] => ------Familias------
    [Fecha] => Martes , 04 de Octubre del 2022
    [Hora] => 06:06:01 PM
    [Archivo] => C:\xampp\htdocs\dashboard\www\CONCO_v4\app\Modelo.php
    [Linea] => 53
    [Mensaje] => SQLSTATE[HY093]: Invalid parameter number
)
stdClass Object
(
    [Modulo] => ------Familias------
    [Fecha] => Martes , 04 de Octubre del 2022
    [Hora] => 06:09:45 PM
    [Archivo] => C:\xampp\htdocs\dashboard\www\CONCO_v4\app\Modelo.php
    [Linea] => 53
    [Mensaje] => SQLSTATE[HY093]: Invalid parameter number
)
stdClass Object
(
    [Modulo] => ------Familias------
    [Fecha] => Martes , 04 de Octubre del 2022
    [Hora] => 06:11:19 PM
    [Archivo] => C:\xampp\htdocs\dashboard\www\CONCO_v4\app\Modelo.php
    [Linea] => 53
    [Mensaje] => SQLSTATE[HY093]: Invalid parameter number
)
stdClass Object
(
    [Modulo] => ------Familias------
    [Fecha] => Martes , 04 de Octubre del 2022
    [Hora] => 06:11:24 PM
    [Archivo] => C:\xampp\htdocs\dashboard\www\CONCO_v4\app\Modelo.php
    [Linea] => 53
    [Mensaje] => SQLSTATE[HY093]: Invalid parameter number
)
stdClass Object
(
    [Modulo] => ------Familias------
    [Fecha] => Martes , 04 de Octubre del 2022
    [Hora] => 06:17:27 PM
    [Archivo] => C:\xampp\htdocs\dashboard\www\CONCO_v4\app\Modelo.php
    [Linea] => 53
    [Mensaje] => SQLSTATE[HY093]: Invalid parameter number
)
